# JRE version: OpenJDK Runtime Environment (21.0.7) (build 21.0.7+-13880790-b1038.58)
# Java VM: OpenJDK 64-Bit Server VM (21.0.7+-13880790-b1038.58, mixed mode, tiered, compressed oops, compressed class ptrs, g1 gc, windows-amd64)
GC Precious Log:
 CardTable entry size: 512
 Card Set container configuration: InlinePtr #cards 5 size 8 Array Of Cards #cards 12 size 40 Howl #buckets 4 coarsen threshold 1843 Howl Bitmap #cards 512 size 80 coarsen threshold 460 Card regions per heap region 1 cards per card region 2048
 CPUs: 8 total, 8 available
 Memory: 12022M
 Large Page Support: Disabled
 NUMA Support: Disabled
 Compressed Oops: Enabled (32-bit)
 Heap Region Size: 1M
 Heap Min Capacity: 8M
 Heap Initial Capacity: 188M
 Heap Max Capacity: 2G
 Pre-touch: Disabled
 Parallel Workers: 8
 Concurrent Workers: 2
 Concurrent Refinement Workers: 8
 Periodic GC: Disabled
Heap:
 garbage-first heap   total 435200K, used 253776K [0x0000000080000000, 0x0000000100000000)
  region size 1024K, 5 young (5120K), 5 survivors (5120K)
 Metaspace       used 174431K, committed 176960K, reserved 1245184K
  class space    used 23005K, committed 24256K, reserved 1048576K
GC Heap History (20 events):
Event: 66.990 GC heap after
{Heap after GC invocations=63 (full 0):
 garbage-first heap   total 411648K, used 199303K [0x0000000080000000, 0x0000000100000000)
  region size 1024K, 6 young (6144K), 6 survivors (6144K)
 Metaspace       used 154753K, committed 157312K, reserved 1245184K
  class space    used 20129K, committed 21376K, reserved 1048576K
}
Event: 68.800 GC heap before
{Heap before GC invocations=63 (full 0):
 garbage-first heap   total 411648K, used 378503K [0x0000000080000000, 0x0000000100000000)
  region size 1024K, 182 young (186368K), 6 survivors (6144K)
 Metaspace       used 161356K, committed 163904K, reserved 1245184K
  class space    used 21129K, committed 22400K, reserved 1048576K
}
Event: 68.819 GC heap after
{Heap after GC invocations=64 (full 0):
 garbage-first heap   total 411648K, used 217564K [0x0000000080000000, 0x0000000100000000)
  region size 1024K, 23 young (23552K), 23 survivors (23552K)
 Metaspace       used 161356K, committed 163904K, reserved 1245184K
  class space    used 21129K, committed 22400K, reserved 1048576K
}
Event: 69.499 GC heap before
{Heap before GC invocations=65 (full 0):
 garbage-first heap   total 411648K, used 365020K [0x0000000080000000, 0x0000000100000000)
  region size 1024K, 168 young (172032K), 23 survivors (23552K)
 Metaspace       used 165437K, committed 167936K, reserved 1245184K
  class space    used 21778K, committed 23040K, reserved 1048576K
}
Event: 69.535 GC heap after
{Heap after GC invocations=66 (full 0):
 garbage-first heap   total 413696K, used 241664K [0x0000000080000000, 0x0000000100000000)
  region size 1024K, 21 young (21504K), 21 survivors (21504K)
 Metaspace       used 165437K, committed 167936K, reserved 1245184K
  class space    used 21778K, committed 23040K, reserved 1048576K
}
Event: 70.141 GC heap before
{Heap before GC invocations=66 (full 0):
 garbage-first heap   total 413696K, used 368640K [0x0000000080000000, 0x0000000100000000)
  region size 1024K, 146 young (149504K), 21 survivors (21504K)
 Metaspace       used 170002K, committed 172544K, reserved 1245184K
  class space    used 22553K, committed 23808K, reserved 1048576K
}
Event: 70.178 GC heap after
{Heap after GC invocations=67 (full 0):
 garbage-first heap   total 416768K, used 258048K [0x0000000080000000, 0x0000000100000000)
  region size 1024K, 19 young (19456K), 19 survivors (19456K)
 Metaspace       used 170002K, committed 172544K, reserved 1245184K
  class space    used 22553K, committed 23808K, reserved 1048576K
}
Event: 70.863 GC heap before
{Heap before GC invocations=67 (full 0):
 garbage-first heap   total 416768K, used 374784K [0x0000000080000000, 0x0000000100000000)
  region size 1024K, 133 young (136192K), 19 survivors (19456K)
 Metaspace       used 171713K, committed 174272K, reserved 1245184K
  class space    used 22668K, committed 23936K, reserved 1048576K
}
Event: 70.878 GC heap after
{Heap after GC invocations=68 (full 0):
 garbage-first heap   total 416768K, used 260497K [0x0000000080000000, 0x0000000100000000)
  region size 1024K, 3 young (3072K), 3 survivors (3072K)
 Metaspace       used 171713K, committed 174272K, reserved 1245184K
  class space    used 22668K, committed 23936K, reserved 1048576K
}
Event: 71.460 GC heap before
{Heap before GC invocations=69 (full 0):
 garbage-first heap   total 435200K, used 381329K [0x0000000080000000, 0x0000000100000000)
  region size 1024K, 121 young (123904K), 3 survivors (3072K)
 Metaspace       used 172302K, committed 174784K, reserved 1245184K
  class space    used 22755K, committed 24000K, reserved 1048576K
}
Event: 71.465 GC heap after
{Heap after GC invocations=70 (full 0):
 garbage-first heap   total 435200K, used 259843K [0x0000000080000000, 0x0000000100000000)
  region size 1024K, 3 young (3072K), 3 survivors (3072K)
 Metaspace       used 172302K, committed 174784K, reserved 1245184K
  class space    used 22755K, committed 24000K, reserved 1048576K
}
Event: 71.974 GC heap before
{Heap before GC invocations=70 (full 0):
 garbage-first heap   total 435200K, used 402179K [0x0000000080000000, 0x0000000100000000)
  region size 1024K, 142 young (145408K), 3 survivors (3072K)
 Metaspace       used 173586K, committed 176192K, reserved 1245184K
  class space    used 22924K, committed 24192K, reserved 1048576K
}
Event: 71.987 GC heap after
{Heap after GC invocations=71 (full 0):
 garbage-first heap   total 435200K, used 256135K [0x0000000080000000, 0x0000000100000000)
  region size 1024K, 3 young (3072K), 3 survivors (3072K)
 Metaspace       used 173586K, committed 176192K, reserved 1245184K
  class space    used 22924K, committed 24192K, reserved 1048576K
}
Event: 72.343 GC heap before
{Heap before GC invocations=71 (full 0):
 garbage-first heap   total 435200K, used 406663K [0x0000000080000000, 0x0000000100000000)
  region size 1024K, 150 young (153600K), 3 survivors (3072K)
 Metaspace       used 174143K, committed 176704K, reserved 1245184K
  class space    used 22999K, committed 24256K, reserved 1048576K
}
Event: 72.349 GC heap after
{Heap after GC invocations=72 (full 0):
 garbage-first heap   total 435200K, used 255999K [0x0000000080000000, 0x0000000100000000)
  region size 1024K, 3 young (3072K), 3 survivors (3072K)
 Metaspace       used 174143K, committed 176704K, reserved 1245184K
  class space    used 22999K, committed 24256K, reserved 1048576K
}
Event: 73.468 GC heap before
{Heap before GC invocations=73 (full 0):
 garbage-first heap   total 435200K, used 408575K [0x0000000080000000, 0x0000000100000000)
  region size 1024K, 152 young (155648K), 3 survivors (3072K)
 Metaspace       used 174309K, committed 176832K, reserved 1245184K
  class space    used 23003K, committed 24256K, reserved 1048576K
}
Event: 73.475 GC heap after
{Heap after GC invocations=74 (full 0):
 garbage-first heap   total 435200K, used 256820K [0x0000000080000000, 0x0000000100000000)
  region size 1024K, 4 young (4096K), 4 survivors (4096K)
 Metaspace       used 174309K, committed 176832K, reserved 1245184K
  class space    used 23003K, committed 24256K, reserved 1048576K
}
Event: 73.796 GC heap before
{Heap before GC invocations=74 (full 0):
 garbage-first heap   total 435200K, used 407348K [0x0000000080000000, 0x0000000100000000)
  region size 1024K, 151 young (154624K), 4 survivors (4096K)
 Metaspace       used 174357K, committed 176896K, reserved 1245184K
  class space    used 23003K, committed 24256K, reserved 1048576K
}
Event: 73.810 GC heap after
{Heap after GC invocations=75 (full 0):
 garbage-first heap   total 435200K, used 253171K [0x0000000080000000, 0x0000000100000000)
  region size 1024K, 4 young (4096K), 4 survivors (4096K)
 Metaspace       used 174357K, committed 176896K, reserved 1245184K
  class space    used 23003K, committed 24256K, reserved 1048576K
}
Event: 74.107 GC heap before
{Heap before GC invocations=75 (full 0):
 garbage-first heap   total 435200K, used 407795K [0x0000000080000000, 0x0000000100000000)
  region size 1024K, 155 young (158720K), 4 survivors (4096K)
 Metaspace       used 174431K, committed 176960K, reserved 1245184K
  class space    used 23005K, committed 24256K, reserved 1048576K
}

