# JRE version: OpenJDK Runtime Environment (21.0.7) (build 21.0.7+-13880790-b1038.58)
# Java VM: OpenJDK 64-Bit Server VM (21.0.7+-13880790-b1038.58, mixed mode, tiered, compressed oops, compressed class ptrs, g1 gc, windows-amd64)
GC Precious Log:
 CardTable entry size: 512
 Card Set container configuration: InlinePtr #cards 5 size 8 Array Of Cards #cards 12 size 40 Howl #buckets 4 coarsen threshold 1843 Howl Bitmap #cards 512 size 80 coarsen threshold 460 Card regions per heap region 1 cards per card region 2048
 CPUs: 8 total, 8 available
 Memory: 12022M
 Large Page Support: Disabled
 NUMA Support: Disabled
 Compressed Oops: Enabled (32-bit)
 Heap Region Size: 1M
 Heap Min Capacity: 8M
 Heap Initial Capacity: 188M
 Heap Max Capacity: 2G
 Pre-touch: Disabled
 Parallel Workers: 8
 Concurrent Workers: 2
 Concurrent Refinement Workers: 8
 Periodic GC: Disabled
Heap:
 garbage-first heap   total 165888K, used 126019K [0x0000000080000000, 0x0000000100000000)
  region size 1024K, 57 young (58368K), 6 survivors (6144K)
 Metaspace       used 61215K, committed 62656K, reserved 1114112K
  class space    used 8397K, committed 9088K, reserved 1048576K
GC Heap History (20 events):
Event: 9.541 GC heap before
{Heap before GC invocations=20 (full 0):
 garbage-first heap   total 138240K, used 120532K [0x0000000080000000, 0x0000000100000000)
  region size 1024K, 49 young (50176K), 3 survivors (3072K)
 Metaspace       used 60899K, committed 62272K, reserved 1114112K
  class space    used 8362K, committed 9024K, reserved 1048576K
}
Event: 9.545 GC heap after
{Heap after GC invocations=21 (full 0):
 garbage-first heap   total 138240K, used 72327K [0x0000000080000000, 0x0000000100000000)
  region size 1024K, 3 young (3072K), 3 survivors (3072K)
 Metaspace       used 60899K, committed 62272K, reserved 1114112K
  class space    used 8362K, committed 9024K, reserved 1048576K
}
Event: 9.890 GC heap before
{Heap before GC invocations=21 (full 0):
 garbage-first heap   total 138240K, used 122503K [0x0000000080000000, 0x0000000100000000)
  region size 1024K, 52 young (53248K), 3 survivors (3072K)
 Metaspace       used 61099K, committed 62528K, reserved 1114112K
  class space    used 8391K, committed 9088K, reserved 1048576K
}
Event: 9.894 GC heap after
{Heap after GC invocations=22 (full 0):
 garbage-first heap   total 138240K, used 71831K [0x0000000080000000, 0x0000000100000000)
  region size 1024K, 3 young (3072K), 3 survivors (3072K)
 Metaspace       used 61099K, committed 62528K, reserved 1114112K
  class space    used 8391K, committed 9088K, reserved 1048576K
}
Event: 10.243 GC heap before
{Heap before GC invocations=22 (full 0):
 garbage-first heap   total 138240K, used 126103K [0x0000000080000000, 0x0000000100000000)
  region size 1024K, 56 young (57344K), 3 survivors (3072K)
 Metaspace       used 61126K, committed 62528K, reserved 1114112K
  class space    used 8392K, committed 9088K, reserved 1048576K
}
Event: 10.246 GC heap after
{Heap after GC invocations=23 (full 0):
 garbage-first heap   total 138240K, used 72378K [0x0000000080000000, 0x0000000100000000)
  region size 1024K, 4 young (4096K), 4 survivors (4096K)
 Metaspace       used 61126K, committed 62528K, reserved 1114112K
  class space    used 8392K, committed 9088K, reserved 1048576K
}
Event: 10.457 GC heap before
{Heap before GC invocations=24 (full 0):
 garbage-first heap   total 138240K, used 124602K [0x0000000080000000, 0x0000000100000000)
  region size 1024K, 55 young (56320K), 4 survivors (4096K)
 Metaspace       used 61131K, committed 62528K, reserved 1114112K
  class space    used 8392K, committed 9088K, reserved 1048576K
}
Event: 10.461 GC heap after
{Heap after GC invocations=25 (full 0):
 garbage-first heap   total 138240K, used 72816K [0x0000000080000000, 0x0000000100000000)
  region size 1024K, 4 young (4096K), 4 survivors (4096K)
 Metaspace       used 61131K, committed 62528K, reserved 1114112K
  class space    used 8392K, committed 9088K, reserved 1048576K
}
Event: 10.660 GC heap before
{Heap before GC invocations=25 (full 0):
 garbage-first heap   total 138240K, used 125040K [0x0000000080000000, 0x0000000100000000)
  region size 1024K, 55 young (56320K), 4 survivors (4096K)
 Metaspace       used 61145K, committed 62528K, reserved 1114112K
  class space    used 8392K, committed 9088K, reserved 1048576K
}
Event: 10.665 GC heap after
{Heap after GC invocations=26 (full 0):
 garbage-first heap   total 138240K, used 72846K [0x0000000080000000, 0x0000000100000000)
  region size 1024K, 4 young (4096K), 4 survivors (4096K)
 Metaspace       used 61145K, committed 62528K, reserved 1114112K
  class space    used 8392K, committed 9088K, reserved 1048576K
}
Event: 10.856 GC heap before
{Heap before GC invocations=26 (full 0):
 garbage-first heap   total 138240K, used 125070K [0x0000000080000000, 0x0000000100000000)
  region size 1024K, 55 young (56320K), 4 survivors (4096K)
 Metaspace       used 61163K, committed 62528K, reserved 1114112K
  class space    used 8392K, committed 9088K, reserved 1048576K
}
Event: 10.860 GC heap after
{Heap after GC invocations=27 (full 0):
 garbage-first heap   total 165888K, used 73162K [0x0000000080000000, 0x0000000100000000)
  region size 1024K, 4 young (4096K), 4 survivors (4096K)
 Metaspace       used 61163K, committed 62528K, reserved 1114112K
  class space    used 8392K, committed 9088K, reserved 1048576K
}
Event: 11.128 GC heap before
{Heap before GC invocations=28 (full 0):
 garbage-first heap   total 165888K, used 150986K [0x0000000080000000, 0x0000000100000000)
  region size 1024K, 80 young (81920K), 4 survivors (4096K)
 Metaspace       used 61180K, committed 62528K, reserved 1114112K
  class space    used 8392K, committed 9088K, reserved 1048576K
}
Event: 11.132 GC heap after
{Heap after GC invocations=29 (full 0):
 garbage-first heap   total 165888K, used 73972K [0x0000000080000000, 0x0000000100000000)
  region size 1024K, 4 young (4096K), 4 survivors (4096K)
 Metaspace       used 61180K, committed 62528K, reserved 1114112K
  class space    used 8392K, committed 9088K, reserved 1048576K
}
Event: 11.346 GC heap before
{Heap before GC invocations=29 (full 0):
 garbage-first heap   total 165888K, used 151796K [0x0000000080000000, 0x0000000100000000)
  region size 1024K, 80 young (81920K), 4 survivors (4096K)
 Metaspace       used 61183K, committed 62592K, reserved 1114112K
  class space    used 8392K, committed 9088K, reserved 1048576K
}
Event: 11.351 GC heap after
{Heap after GC invocations=30 (full 0):
 garbage-first heap   total 165888K, used 74341K [0x0000000080000000, 0x0000000100000000)
  region size 1024K, 5 young (5120K), 5 survivors (5120K)
 Metaspace       used 61183K, committed 62592K, reserved 1114112K
  class space    used 8392K, committed 9088K, reserved 1048576K
}
Event: 11.578 GC heap before
{Heap before GC invocations=30 (full 0):
 garbage-first heap   total 165888K, used 150117K [0x0000000080000000, 0x0000000100000000)
  region size 1024K, 79 young (80896K), 5 survivors (5120K)
 Metaspace       used 61190K, committed 62656K, reserved 1114112K
  class space    used 8393K, committed 9088K, reserved 1048576K
}
Event: 11.583 GC heap after
{Heap after GC invocations=31 (full 0):
 garbage-first heap   total 165888K, used 75136K [0x0000000080000000, 0x0000000100000000)
  region size 1024K, 6 young (6144K), 6 survivors (6144K)
 Metaspace       used 61190K, committed 62656K, reserved 1114112K
  class space    used 8393K, committed 9088K, reserved 1048576K
}
Event: 11.802 GC heap before
{Heap before GC invocations=32 (full 0):
 garbage-first heap   total 165888K, used 148864K [0x0000000080000000, 0x0000000100000000)
  region size 1024K, 78 young (79872K), 6 survivors (6144K)
 Metaspace       used 61178K, committed 62656K, reserved 1114112K
  class space    used 8390K, committed 9088K, reserved 1048576K
}
Event: 11.807 GC heap after
{Heap after GC invocations=33 (full 0):
 garbage-first heap   total 165888K, used 75843K [0x0000000080000000, 0x0000000100000000)
  region size 1024K, 6 young (6144K), 6 survivors (6144K)
 Metaspace       used 61178K, committed 62656K, reserved 1114112K
  class space    used 8390K, committed 9088K, reserved 1048576K
}

