# JRE version: OpenJDK Runtime Environment (21.0.7) (build 21.0.7+-13880790-b1038.58)
# Java VM: OpenJDK 64-Bit Server VM (21.0.7+-13880790-b1038.58, mixed mode, tiered, compressed oops, compressed class ptrs, g1 gc, windows-amd64)
GC Precious Log:
 CardTable entry size: 512
 Card Set container configuration: InlinePtr #cards 5 size 8 Array Of Cards #cards 12 size 40 Howl #buckets 4 coarsen threshold 1843 Howl Bitmap #cards 512 size 80 coarsen threshold 460 Card regions per heap region 1 cards per card region 2048
 CPUs: 8 total, 8 available
 Memory: 12022M
 Large Page Support: Disabled
 NUMA Support: Disabled
 Compressed Oops: Enabled (32-bit)
 Heap Region Size: 1M
 Heap Min Capacity: 8M
 Heap Initial Capacity: 188M
 Heap Max Capacity: 2G
 Pre-touch: Disabled
 Parallel Workers: 8
 Concurrent Workers: 2
 Concurrent Refinement Workers: 8
 Periodic GC: Disabled
Heap:
 garbage-first heap   total 368640K, used 233851K [0x0000000080000000, 0x0000000100000000)
  region size 1024K, 147 young (150528K), 12 survivors (12288K)
 Metaspace       used 62881K, committed 64320K, reserved 1114112K
  class space    used 8596K, committed 9280K, reserved 1048576K
GC Heap History (20 events):
Event: 14.482 GC heap before
{Heap before GC invocations=53 (full 0):
 garbage-first heap   total 256000K, used 227731K [0x0000000080000000, 0x0000000100000000)
  region size 1024K, 150 young (153600K), 12 survivors (12288K)
 Metaspace       used 61764K, committed 63040K, reserved 1114112K
  class space    used 8454K, committed 9088K, reserved 1048576K
}
Event: 14.491 GC heap after
{Heap after GC invocations=54 (full 0):
 garbage-first heap   total 307200K, used 87854K [0x0000000080000000, 0x0000000100000000)
  region size 1024K, 11 young (11264K), 11 survivors (11264K)
 Metaspace       used 61764K, committed 63040K, reserved 1114112K
  class space    used 8454K, committed 9088K, reserved 1048576K
}
Event: 15.093 GC heap before
{Heap before GC invocations=54 (full 0):
 garbage-first heap   total 307200K, used 260910K [0x0000000080000000, 0x0000000100000000)
  region size 1024K, 180 young (184320K), 11 survivors (11264K)
 Metaspace       used 61766K, committed 63040K, reserved 1114112K
  class space    used 8454K, committed 9088K, reserved 1048576K
}
Event: 15.102 GC heap after
{Heap after GC invocations=55 (full 0):
 garbage-first heap   total 307200K, used 90176K [0x0000000080000000, 0x0000000100000000)
  region size 1024K, 13 young (13312K), 13 survivors (13312K)
 Metaspace       used 61766K, committed 63040K, reserved 1114112K
  class space    used 8454K, committed 9088K, reserved 1048576K
}
Event: 15.501 GC heap before
{Heap before GC invocations=55 (full 0):
 garbage-first heap   total 307200K, used 261184K [0x0000000080000000, 0x0000000100000000)
  region size 1024K, 180 young (184320K), 13 survivors (13312K)
 Metaspace       used 61769K, committed 63040K, reserved 1114112K
  class space    used 8454K, committed 9088K, reserved 1048576K
}
Event: 15.509 GC heap after
{Heap after GC invocations=56 (full 0):
 garbage-first heap   total 307200K, used 90707K [0x0000000080000000, 0x0000000100000000)
  region size 1024K, 13 young (13312K), 13 survivors (13312K)
 Metaspace       used 61769K, committed 63040K, reserved 1114112K
  class space    used 8454K, committed 9088K, reserved 1048576K
}
Event: 15.814 GC heap before
{Heap before GC invocations=56 (full 0):
 garbage-first heap   total 307200K, used 261715K [0x0000000080000000, 0x0000000100000000)
  region size 1024K, 180 young (184320K), 13 survivors (13312K)
 Metaspace       used 61770K, committed 63040K, reserved 1114112K
  class space    used 8454K, committed 9088K, reserved 1048576K
}
Event: 15.824 GC heap after
{Heap after GC invocations=57 (full 0):
 garbage-first heap   total 307200K, used 92346K [0x0000000080000000, 0x0000000100000000)
  region size 1024K, 14 young (14336K), 14 survivors (14336K)
 Metaspace       used 61770K, committed 63040K, reserved 1114112K
  class space    used 8454K, committed 9088K, reserved 1048576K
}
Event: 16.126 GC heap before
{Heap before GC invocations=57 (full 0):
 garbage-first heap   total 307200K, used 262330K [0x0000000080000000, 0x0000000100000000)
  region size 1024K, 180 young (184320K), 14 survivors (14336K)
 Metaspace       used 61771K, committed 63040K, reserved 1114112K
  class space    used 8454K, committed 9088K, reserved 1048576K
}
Event: 16.137 GC heap after
{Heap after GC invocations=58 (full 0):
 garbage-first heap   total 307200K, used 94805K [0x0000000080000000, 0x0000000100000000)
  region size 1024K, 14 young (14336K), 14 survivors (14336K)
 Metaspace       used 61771K, committed 63040K, reserved 1114112K
  class space    used 8454K, committed 9088K, reserved 1048576K
}
Event: 16.429 GC heap before
{Heap before GC invocations=58 (full 0):
 garbage-first heap   total 307200K, used 264789K [0x0000000080000000, 0x0000000100000000)
  region size 1024K, 180 young (184320K), 14 survivors (14336K)
 Metaspace       used 61774K, committed 63040K, reserved 1114112K
  class space    used 8454K, committed 9088K, reserved 1048576K
}
Event: 16.440 GC heap after
{Heap after GC invocations=59 (full 0):
 garbage-first heap   total 307200K, used 96688K [0x0000000080000000, 0x0000000100000000)
  region size 1024K, 15 young (15360K), 15 survivors (15360K)
 Metaspace       used 61774K, committed 63040K, reserved 1114112K
  class space    used 8454K, committed 9088K, reserved 1048576K
}
Event: 16.718 GC heap before
{Heap before GC invocations=59 (full 0):
 garbage-first heap   total 307200K, used 265648K [0x0000000080000000, 0x0000000100000000)
  region size 1024K, 180 young (184320K), 15 survivors (15360K)
 Metaspace       used 61774K, committed 63040K, reserved 1114112K
  class space    used 8454K, committed 9088K, reserved 1048576K
}
Event: 16.729 GC heap after
{Heap after GC invocations=60 (full 0):
 garbage-first heap   total 368640K, used 99075K [0x0000000080000000, 0x0000000100000000)
  region size 1024K, 14 young (14336K), 14 survivors (14336K)
 Metaspace       used 61774K, committed 63040K, reserved 1114112K
  class space    used 8454K, committed 9088K, reserved 1048576K
}
Event: 50.931 GC heap before
{Heap before GC invocations=60 (full 0):
 garbage-first heap   total 368640K, used 305923K [0x0000000080000000, 0x0000000100000000)
  region size 1024K, 216 young (221184K), 14 survivors (14336K)
 Metaspace       used 62876K, committed 64320K, reserved 1114112K
  class space    used 8596K, committed 9280K, reserved 1048576K
}
Event: 50.938 GC heap after
{Heap after GC invocations=61 (full 0):
 garbage-first heap   total 368640K, used 91965K [0x0000000080000000, 0x0000000100000000)
  region size 1024K, 7 young (7168K), 7 survivors (7168K)
 Metaspace       used 62876K, committed 64320K, reserved 1114112K
  class space    used 8596K, committed 9280K, reserved 1048576K
}
Event: 51.300 GC heap before
{Heap before GC invocations=61 (full 0):
 garbage-first heap   total 368640K, used 305981K [0x0000000080000000, 0x0000000100000000)
  region size 1024K, 216 young (221184K), 7 survivors (7168K)
 Metaspace       used 62877K, committed 64320K, reserved 1114112K
  class space    used 8596K, committed 9280K, reserved 1048576K
}
Event: 51.306 GC heap after
{Heap after GC invocations=62 (full 0):
 garbage-first heap   total 368640K, used 93736K [0x0000000080000000, 0x0000000100000000)
  region size 1024K, 9 young (9216K), 9 survivors (9216K)
 Metaspace       used 62877K, committed 64320K, reserved 1114112K
  class space    used 8596K, committed 9280K, reserved 1048576K
}
Event: 52.662 GC heap before
{Heap before GC invocations=62 (full 0):
 garbage-first heap   total 368640K, used 305704K [0x0000000080000000, 0x0000000100000000)
  region size 1024K, 216 young (221184K), 9 survivors (9216K)
 Metaspace       used 62880K, committed 64320K, reserved 1114112K
  class space    used 8596K, committed 9280K, reserved 1048576K
}
Event: 52.670 GC heap after
{Heap after GC invocations=63 (full 0):
 garbage-first heap   total 368640K, used 96635K [0x0000000080000000, 0x0000000100000000)
  region size 1024K, 12 young (12288K), 12 survivors (12288K)
 Metaspace       used 62880K, committed 64320K, reserved 1114112K
  class space    used 8596K, committed 9280K, reserved 1048576K
}

