# JRE version: OpenJDK Runtime Environment (21.0.7) (build 21.0.7+-13880790-b1038.58)
# Java VM: OpenJDK 64-Bit Server VM (21.0.7+-13880790-b1038.58, mixed mode, tiered, compressed oops, compressed class ptrs, g1 gc, windows-amd64)
GC Precious Log:
 CardTable entry size: 512
 Card Set container configuration: InlinePtr #cards 5 size 8 Array Of Cards #cards 12 size 40 Howl #buckets 4 coarsen threshold 1843 Howl Bitmap #cards 512 size 80 coarsen threshold 460 Card regions per heap region 1 cards per card region 2048
 CPUs: 8 total, 8 available
 Memory: 12022M
 Large Page Support: Disabled
 NUMA Support: Disabled
 Compressed Oops: Enabled (32-bit)
 Heap Region Size: 1M
 Heap Min Capacity: 8M
 Heap Initial Capacity: 188M
 Heap Max Capacity: 2G
 Pre-touch: Disabled
 Parallel Workers: 8
 Concurrent Workers: 2
 Concurrent Refinement Workers: 8
 Periodic GC: Disabled
Heap:
 garbage-first heap   total 422912K, used 304128K [0x0000000080000000, 0x0000000100000000)
  region size 1024K, 50 young (51200K), 17 survivors (17408K)
 Metaspace       used 163632K, committed 164928K, reserved 1245184K
  class space    used 21361K, committed 21952K, reserved 1048576K
GC Heap History (20 events):
Event: 2036.113 GC heap before
{Heap before GC invocations=52 (full 0):
 garbage-first heap   total 293888K, used 240456K [0x0000000080000000, 0x0000000100000000)
  region size 1024K, 75 young (76800K), 11 survivors (11264K)
 Metaspace       used 141516K, committed 144448K, reserved 1179648K
  class space    used 18369K, committed 19840K, reserved 1048576K
}
Event: 2036.145 GC heap after
{Heap after GC invocations=53 (full 0):
 garbage-first heap   total 293888K, used 185583K [0x0000000080000000, 0x0000000100000000)
  region size 1024K, 9 young (9216K), 9 survivors (9216K)
 Metaspace       used 141516K, committed 144448K, reserved 1179648K
  class space    used 18369K, committed 19840K, reserved 1048576K
}
Event: 2038.812 GC heap before
{Heap before GC invocations=53 (full 0):
 garbage-first heap   total 293888K, used 282863K [0x0000000080000000, 0x0000000100000000)
  region size 1024K, 89 young (91136K), 9 survivors (9216K)
 Metaspace       used 142250K, committed 144768K, reserved 1179648K
  class space    used 18416K, committed 19840K, reserved 1048576K
}
Event: 2038.859 GC heap after
{Heap after GC invocations=54 (full 0):
 garbage-first heap   total 322560K, used 210880K [0x0000000080000000, 0x0000000100000000)
  region size 1024K, 12 young (12288K), 12 survivors (12288K)
 Metaspace       used 142250K, committed 144768K, reserved 1179648K
  class space    used 18416K, committed 19840K, reserved 1048576K
}
Event: 2038.960 GC heap before
{Heap before GC invocations=54 (full 0):
 garbage-first heap   total 322560K, used 213952K [0x0000000080000000, 0x0000000100000000)
  region size 1024K, 17 young (17408K), 12 survivors (12288K)
 Metaspace       used 142255K, committed 144768K, reserved 1179648K
  class space    used 18416K, committed 19840K, reserved 1048576K
}
Event: 2038.988 GC heap after
{Heap after GC invocations=55 (full 0):
 garbage-first heap   total 322560K, used 217614K [0x0000000080000000, 0x0000000100000000)
  region size 1024K, 5 young (5120K), 5 survivors (5120K)
 Metaspace       used 142255K, committed 144768K, reserved 1179648K
  class space    used 18416K, committed 19840K, reserved 1048576K
}
Event: 2039.909 GC heap before
{Heap before GC invocations=56 (full 0):
 garbage-first heap   total 389120K, used 279054K [0x0000000080000000, 0x0000000100000000)
  region size 1024K, 51 young (52224K), 5 survivors (5120K)
 Metaspace       used 143915K, committed 145920K, reserved 1179648K
  class space    used 18524K, committed 19840K, reserved 1048576K
}
Event: 2039.918 GC heap after
{Heap after GC invocations=57 (full 0):
 garbage-first heap   total 389120K, used 222558K [0x0000000080000000, 0x0000000100000000)
  region size 1024K, 7 young (7168K), 7 survivors (7168K)
 Metaspace       used 143915K, committed 145920K, reserved 1179648K
  class space    used 18524K, committed 19840K, reserved 1048576K
}
Event: 2040.566 GC heap before
{Heap before GC invocations=57 (full 0):
 garbage-first heap   total 389120K, used 302430K [0x0000000080000000, 0x0000000100000000)
  region size 1024K, 86 young (88064K), 7 survivors (7168K)
 Metaspace       used 146321K, committed 148096K, reserved 1179648K
  class space    used 18764K, committed 19904K, reserved 1048576K
}
Event: 2040.578 GC heap after
{Heap after GC invocations=58 (full 0):
 garbage-first heap   total 389120K, used 218938K [0x0000000080000000, 0x0000000100000000)
  region size 1024K, 8 young (8192K), 8 survivors (8192K)
 Metaspace       used 146321K, committed 148096K, reserved 1179648K
  class space    used 18764K, committed 19904K, reserved 1048576K
}
Event: 2041.951 GC heap before
{Heap before GC invocations=58 (full 0):
 garbage-first heap   total 389120K, used 309050K [0x0000000080000000, 0x0000000100000000)
  region size 1024K, 97 young (99328K), 8 survivors (8192K)
 Metaspace       used 151763K, committed 152960K, reserved 1245184K
  class space    used 19565K, committed 20160K, reserved 1048576K
}
Event: 2041.959 GC heap after
{Heap after GC invocations=59 (full 0):
 garbage-first heap   total 389120K, used 216640K [0x0000000080000000, 0x0000000100000000)
  region size 1024K, 5 young (5120K), 5 survivors (5120K)
 Metaspace       used 151763K, committed 152960K, reserved 1245184K
  class space    used 19565K, committed 20160K, reserved 1048576K
}
Event: 2043.208 GC heap before
{Heap before GC invocations=60 (full 0):
 garbage-first heap   total 389120K, used 328256K [0x0000000080000000, 0x0000000100000000)
  region size 1024K, 117 young (119808K), 5 survivors (5120K)
 Metaspace       used 154148K, committed 155328K, reserved 1245184K
  class space    used 19888K, committed 20416K, reserved 1048576K
}
Event: 2043.223 GC heap after
{Heap after GC invocations=61 (full 0):
 garbage-first heap   total 389120K, used 221977K [0x0000000080000000, 0x0000000100000000)
  region size 1024K, 13 young (13312K), 13 survivors (13312K)
 Metaspace       used 154148K, committed 155328K, reserved 1245184K
  class space    used 19888K, committed 20416K, reserved 1048576K
}
Event: 2044.365 GC heap before
{Heap before GC invocations=61 (full 0):
 garbage-first heap   total 389120K, used 343833K [0x0000000080000000, 0x0000000100000000)
  region size 1024K, 120 young (122880K), 13 survivors (13312K)
 Metaspace       used 159842K, committed 161088K, reserved 1245184K
  class space    used 20643K, committed 21184K, reserved 1048576K
}
Event: 2044.385 GC heap after
{Heap after GC invocations=62 (full 0):
 garbage-first heap   total 389120K, used 212753K [0x0000000080000000, 0x0000000100000000)
  region size 1024K, 7 young (7168K), 7 survivors (7168K)
 Metaspace       used 159842K, committed 161088K, reserved 1245184K
  class space    used 20643K, committed 21184K, reserved 1048576K
}
Event: 2044.434 GC heap before
{Heap before GC invocations=62 (full 0):
 garbage-first heap   total 389120K, used 217873K [0x0000000080000000, 0x0000000100000000)
  region size 1024K, 13 young (13312K), 7 survivors (7168K)
 Metaspace       used 160064K, committed 161344K, reserved 1245184K
  class space    used 20678K, committed 21248K, reserved 1048576K
}
Event: 2044.438 GC heap after
{Heap after GC invocations=63 (full 0):
 garbage-first heap   total 389120K, used 212931K [0x0000000080000000, 0x0000000100000000)
  region size 1024K, 7 young (7168K), 7 survivors (7168K)
 Metaspace       used 160064K, committed 161344K, reserved 1245184K
  class space    used 20678K, committed 21248K, reserved 1048576K
}
Event: 2046.371 GC heap before
{Heap before GC invocations=64 (full 0):
 garbage-first heap   total 403456K, used 368561K [0x0000000080000000, 0x0000000100000000)
  region size 1024K, 130 young (133120K), 7 survivors (7168K)
 Metaspace       used 163619K, committed 164864K, reserved 1245184K
  class space    used 21361K, committed 21952K, reserved 1048576K
}
Event: 2046.421 GC heap after
{Heap after GC invocations=65 (full 0):
 garbage-first heap   total 422912K, used 272384K [0x0000000080000000, 0x0000000100000000)
  region size 1024K, 17 young (17408K), 17 survivors (17408K)
 Metaspace       used 163619K, committed 164864K, reserved 1245184K
  class space    used 21361K, committed 21952K, reserved 1048576K
}

